<?xml version="1.0" encoding="UTF-8"?>
<!-- Generated by org.testng.reporters.JUnitReportReporter -->
<testsuite hostname="DESKTOP-OAH7UN6" failures="0" tests="2" name="testNgKeywords.GroupingTest1" time="0.035" errors="0" timestamp="2022-06-26T19:36:53 IST" skipped="0">
  <testcase classname="testNgKeywords.GroupingTest1" name="g" time="0.006"/>
  <system-out>
    <![CDATA[g is running]]>
  </system-out>
  <testcase classname="testNgKeywords.GroupingTest1" name="c" time="0.029"/>
  <system-out>
    <![CDATA[c is running]]>
  </system-out>
</testsuite> <!-- testNgKeywords.GroupingTest1 -->
