<?xml version="1.0" encoding="UTF-8"?>
<!-- Generated by org.testng.reporters.JUnitReportReporter -->
<testsuite hostname="DESKTOP-OAH7UN6" failures="0" tests="2" name="testNg.NewTestClass" time="154.987" errors="0" timestamp="2022-06-22T21:51:46 IST" skipped="0">
  <testcase classname="testNg.NewTestClass" name="myMethod1" time="50.669"/>
  <system-out>
    <![CDATA[This Is second Testcase....]]>
  </system-out>
  <testcase classname="testNg.NewTestClass" name="myMethod" time="104.318"/>
  <system-out>
    <![CDATA[This Is first Testcase....]]>
  </system-out>
</testsuite> <!-- testNg.NewTestClass -->
