<?xml version="1.0" encoding="UTF-8"?>
<!-- Generated by org.testng.reporters.JUnitReportReporter -->
<testsuite hostname="DESKTOP-OAH7UN6" failures="0" tests="1" name="assertusedinTng.AssertTrueUse" time="0.028" errors="0" timestamp="2022-06-28T16:45:04 IST" skipped="0">
  <testcase classname="assertusedinTng.AssertTrueUse" name="myMethod" time="0.028"/>
  <system-out>
    <![CDATA[TC is passed value is false]]>
  </system-out>
</testsuite> <!-- assertusedinTng.AssertTrueUse -->
