<?xml version="1.0" encoding="UTF-8"?>
<!-- Generated by org.testng.reporters.JUnitReportReporter -->
<testsuite hostname="DESKTOP-OAH7UN6" failures="0" tests="2" name="assertusedinTng.SoftAssertUse" time="0.035" errors="0" timestamp="2022-06-29T15:21:06 IST" skipped="0">
  <testcase classname="assertusedinTng.SoftAssertUse" name="myMethod" time="0.030"/>
  <system-out/>
  <testcase classname="assertusedinTng.SoftAssertUse" name="testing" time="0.005"/>
  <system-out/>
</testsuite> <!-- assertusedinTng.SoftAssertUse -->
