<?xml version="1.0" encoding="UTF-8"?>
<!-- Generated by org.testng.reporters.JUnitReportReporter -->
<testsuite hostname="DESKTOP-OAH7UN6" failures="0" tests="1" name="crossBrowsertest.SerialCrossBrowsertest" time="52.364" errors="0" timestamp="2022-06-29T17:52:40 IST" skipped="0">
  <testcase classname="crossBrowsertest.SerialCrossBrowsertest" name="myMethod" time="52.364"/>
  <system-out/>
</testsuite> <!-- crossBrowsertest.SerialCrossBrowsertest -->
