<?xml version="1.0" encoding="UTF-8"?>
<!-- Generated by org.testng.reporters.JUnitReportReporter -->
<testsuite hostname="DESKTOP-OAH7UN6" failures="0" tests="1" name="kitePOMUsingTestNG.ValidateKiteAppUserName" time="4.434" errors="0" timestamp="2022-06-30T19:59:53 IST" skipped="0">
  <testcase classname="kitePOMUsingTestNG.ValidateKiteAppUserName" name="validateUserName" time="4.434"/>
  <system-out>
    <![CDATA[Validating user name
Actual and Expected UN are not matching TC passed]]>
  </system-out>
</testsuite> <!-- kitePOMUsingTestNG.ValidateKiteAppUserName -->
