<?xml version="1.0" encoding="UTF-8"?>
<!-- Generated by org.testng.reporters.JUnitReportReporter -->
<testsuite hostname="DESKTOP-OAH7UN6" failures="0" tests="3" name="testNgKeywords.GroupingTest" time="0.018" errors="0" timestamp="2022-06-26T19:36:53 IST" skipped="0">
  <testcase classname="testNgKeywords.GroupingTest" name="f" time="0.009"/>
  <system-out>
    <![CDATA[f is running]]>
  </system-out>
  <testcase classname="testNgKeywords.GroupingTest" name="d" time="0.004"/>
  <system-out>
    <![CDATA[d is running]]>
  </system-out>
  <testcase classname="testNgKeywords.GroupingTest" name="a" time="0.005"/>
  <system-out>
    <![CDATA[a is running]]>
  </system-out>
</testsuite> <!-- testNgKeywords.GroupingTest -->
