<?xml version="1.0" encoding="UTF-8"?>
<!-- Generated by org.testng.reporters.JUnitReportReporter -->
<testsuite hostname="DESKTOP-OAH7UN6" failures="0" tests="1" name="KiteTest.ValidateKiteUserID" time="5.402" errors="0" timestamp="2022-06-30T21:11:34 IST" skipped="0">
  <testcase classname="KiteTest.ValidateKiteUserID" name="validateUserID" time="5.402"/>
  <system-out>
    <![CDATA[Actual and Expected Username are matching,TC is Passed]]>
  </system-out>
</testsuite> <!-- KiteTest.ValidateKiteUserID -->
