<?xml version="1.0" encoding="UTF-8"?>
<!-- Generated by org.testng.reporters.JUnitReportReporter -->
<testsuite hostname="DESKTOP-OAH7UN6" failures="0" tests="2" name="includeanExclude.IncludeExclude1" time="0.025" errors="0" timestamp="2022-06-26T01:59:23 IST" skipped="0">
  <testcase classname="includeanExclude.IncludeExclude1" name="test1" time="0.003"/>
  <system-out>
    <![CDATA[Hello]]>
  </system-out>
  <testcase classname="includeanExclude.IncludeExclude1" name="test" time="0.022"/>
  <system-out>
    <![CDATA[Hello Snehamam]]>
  </system-out>
</testsuite> <!-- includeanExclude.IncludeExclude1 -->
