<?xml version="1.0" encoding="UTF-8"?>
<!-- Generated by org.testng.reporters.JUnitReportReporter -->
<testsuite hostname="DESKTOP-OAH7UN6" failures="0" tests="2" name="crossBrowsertest.ParamCrossBTest" time="76.313" errors="0" timestamp="2022-06-29T18:19:54 IST" skipped="0">
  <testcase classname="crossBrowsertest.ParamCrossBTest" name="myMethod" time="40.369"/>
  <system-out/>
  <testcase classname="crossBrowsertest.ParamCrossBTest" name="myMethod" time="35.944"/>
  <system-out/>
</testsuite> <!-- crossBrowsertest.ParamCrossBTest -->
