<?xml version="1.0" encoding="UTF-8"?>
<!-- Generated by org.testng.reporters.JUnitReportReporter -->
<testsuite hostname="DESKTOP-OAH7UN6" failures="0" tests="1" name="crossBrowsertest.FireFoxTest" time="20.896" errors="0" timestamp="2022-06-29T15:44:59 IST" skipped="0">
  <testcase classname="crossBrowsertest.FireFoxTest" name="myMethod" time="20.896"/>
  <system-out/>
</testsuite> <!-- crossBrowsertest.FireFoxTest -->
