<?xml version="1.0" encoding="UTF-8"?>
<!-- Generated by org.testng.reporters.JUnitReportReporter -->
<testsuite hostname="DESKTOP-OAH7UN6" failures="0" tests="1" name="assertusedinTng.AssertNullUse" time="0.027" errors="0" timestamp="2022-06-28T22:24:19 IST" skipped="0">
  <testcase classname="assertusedinTng.AssertNullUse" name="myMethod" time="0.027"/>
  <system-out>
    <![CDATA[value is not null TC is passed]]>
  </system-out>
</testsuite> <!-- assertusedinTng.AssertNullUse -->
