<?xml version="1.0" encoding="UTF-8"?>
<!-- Generated by org.testng.reporters.JUnitReportReporter -->
<testsuite hostname="DESKTOP-OAH7UN6" failures="0" tests="1" name="testNgserialAndparallelExecution.MyClass1" time="90.687" errors="0" timestamp="2022-06-26T20:25:41 IST" skipped="0">
  <testcase classname="testNgserialAndparallelExecution.MyClass1" name="myMethod" time="90.687"/>
  <system-out/>
</testsuite> <!-- testNgserialAndparallelExecution.MyClass1 -->
